Removed Pin From Net: NetName=NetC1_1 Pin=C1-1
Removed Pin From Net: NetName=NetC1_2 Pin=C1-2
Removed Pin From Net: NetName=NetC1_1 Pin=D5-K
Removed Pin From Net: NetName=NetC4_1 Pin=Q1-2
Removed Pin From Net: NetName=5V Pin=Q2-1
Removed Pin From Net: NetName=NetC2_1 Pin=Q3-2
Removed Pin From Net: NetName=NetC3_1 Pin=Q4-2
Removed Pin From Net: NetName=NetC5_1 Pin=Q5-2
Removed Pin From Net: NetName=NetC1_2 Pin=R2-1
Removed Pin From Net: NetName=5V Pin=R2-2
Removed Pin From Net: NetName=GND Pin=R8-1
Removed Pin From Net: NetName=NetC1_1 Pin=R8-2
Removed Pin From Net: NetName=GND Pin=R9-1
Removed Pin From Net: NetName=NetC1_2 Pin=R9-2
Removed Member From Class: ClassName=cs301_YourGroupNumber--------------- Member=R2
Added Component: Designator=C1(RAD-0.3)
Add component (AddParameter): Name = "LatestRevisionDate"; Value = "17-Jul-2002"; VariantName = "[No Variations]"
Add component (AddParameter): Name = "LatestRevisionNote"; Value = "Re-released for DXP Platform."; VariantName = "[No Variations]"
Add component (AddParameter): Name = "PackageDescription"; Value = "Radial Cap, Thru-Hole; 2 Leads; 0.3 in Pin Spacing"; VariantName = "[No Variations]"
Add component (AddParameter): Name = "PackageReference"; Value = "RAD-0.3"; VariantName = "[No Variations]"
Add component (AddParameter): Name = "Published"; Value = "8-Jun-2000"; VariantName = "[No Variations]"
Add component (AddParameter): Name = "Publisher"; Value = "Altium Limited"; VariantName = "[No Variations]"
Add component (AddParameter): Name = "Value"; Value = "56nF"; VariantName = "[No Variations]"
Added Component: Designator=D5(LED0.1/5MM)
Added Component: Designator=Q2(VEMT3700)
Added Component: Designator=R3(AXIAL0.4)
Added Component: Designator=R8(AXIAL0.4)
Added Component: Designator=R9(AXIAL0.4)
Added Pin To Net: NetName=NetC1_1 Pin=C1-1
Added Pin To Net: NetName=NetC1_2 Pin=C1-2
Added Pin To Net: NetName=NetC1_1 Pin=D5-K
Added Pin To Net: NetName=5V Pin=Q2-1
Added Pin To Net: NetName=NetC1_2 Pin=R3-1
Added Pin To Net: NetName=5V Pin=R3-2
Added Pin To Net: NetName=GND Pin=R8-1
Added Pin To Net: NetName=NetC1_1 Pin=R8-2
Added Pin To Net: NetName=GND Pin=R9-1
Added Pin To Net: NetName=NetC1_2 Pin=R9-2
Added Member To Class: ClassName=cs301_YourGroupNumber--------------- Member=Component D5 LED
Added Member To Class: ClassName=cs301_YourGroupNumber--------------- Member=Component R3 220k
